{"C:\\Users\\usuario\\Downloads\\aws-node-express-dynamodb-api-project\\src\\controllers\\peopleController.js": {"path":"C:\\Users\\usuario\\Downloads\\aws-node-express-dynamodb-api-project\\src\\controllers\\peopleController.js","statementMap":{"0":{"start":{"line":1,"column":23},"end":{"line":1,"column":59}},"1":{"start":{"line":3,"column":0},"end":{"line":14,"column":2}},"2":{"start":{"line":5,"column":4},"end":{"line":9,"column":5}},"3":{"start":{"line":6,"column":6},"end":{"line":6,"column":62}},"4":{"start":{"line":8,"column":6},"end":{"line":8,"column":62}},"5":{"start":{"line":12,"column":4},"end":{"line":12,"column":59}}},"fnMap":{"0":{"name":"(anonymous_0)","decl":{"start":{"line":4,"column":2},"end":{"line":4,"column":3}},"loc":{"start":{"line":4,"column":31},"end":{"line":10,"column":3}},"line":4},"1":{"name":"(anonymous_1)","decl":{"start":{"line":11,"column":2},"end":{"line":11,"column":3}},"loc":{"start":{"line":11,"column":34},"end":{"line":13,"column":3}},"line":11}},"branchMap":{"0":{"loc":{"start":{"line":5,"column":4},"end":{"line":9,"column":5}},"type":"if","locations":[{"start":{"line":5,"column":4},"end":{"line":9,"column":5}},{"start":{"line":7,"column":11},"end":{"line":9,"column":5}}],"line":5}},"s":{"0":1,"1":1,"2":2,"3":1,"4":1,"5":1},"f":{"0":2,"1":1},"b":{"0":[1,1]},"_coverageSchema":"1a1c01bbd47fc00a2c39e90264f33305004495a9","hash":"44870a9d2875649953da0daf4b4b6f0cd762aa77"}
,"C:\\Users\\usuario\\Downloads\\aws-node-express-dynamodb-api-project\\src\\database\\config.js": {"path":"C:\\Users\\usuario\\Downloads\\aws-node-express-dynamodb-api-project\\src\\database\\config.js","statementMap":{"0":{"start":{"line":1,"column":27},"end":{"line":1,"column":62}},"1":{"start":{"line":2,"column":35},"end":{"line":2,"column":67}},"2":{"start":{"line":5,"column":2},"end":{"line":41,"column":3}},"3":{"start":{"line":6,"column":28},"end":{"line":10,"column":5}},"4":{"start":{"line":12,"column":30},"end":{"line":14,"column":5}},"5":{"start":{"line":16,"column":28},"end":{"line":16,"column":66}},"6":{"start":{"line":19,"column":6},"end":{"line":28,"column":30}},"7":{"start":{"line":29,"column":29},"end":{"line":32,"column":5}},"8":{"start":{"line":33,"column":27},"end":{"line":36,"column":5}},"9":{"start":{"line":34,"column":6},"end":{"line":34,"column":33}},"10":{"start":{"line":35,"column":6},"end":{"line":35,"column":23}},"11":{"start":{"line":38,"column":4},"end":{"line":38,"column":46}},"12":{"start":{"line":40,"column":4},"end":{"line":40,"column":40}},"13":{"start":{"line":44,"column":0},"end":{"line":44,"column":49}}},"fnMap":{"0":{"name":"DB_CONNECT_DYNAMO_DB_CLIENT","decl":{"start":{"line":4,"column":9},"end":{"line":4,"column":36}},"loc":{"start":{"line":4,"column":39},"end":{"line":42,"column":1}},"line":4},"1":{"name":"(anonymous_1)","decl":{"start":{"line":33,"column":27},"end":{"line":33,"column":28}},"loc":{"start":{"line":33,"column":33},"end":{"line":36,"column":5}},"line":33}},"branchMap":{"0":{"loc":{"start":{"line":19,"column":6},"end":{"line":28,"column":30}},"type":"cond-expr","locations":[{"start":{"line":20,"column":10},"end":{"line":27,"column":12}},{"start":{"line":28,"column":10},"end":{"line":28,"column":30}}],"line":19}},"s":{"0":1,"1":1,"2":1,"3":1,"4":1,"5":1,"6":1,"7":1,"8":1,"9":0,"10":0,"11":1,"12":0,"13":1},"f":{"0":1,"1":0},"b":{"0":[0,1]},"_coverageSchema":"1a1c01bbd47fc00a2c39e90264f33305004495a9","hash":"368553bacdfbb92f73ada50e8305a79a30b3ae7b"}
,"C:\\Users\\usuario\\Downloads\\aws-node-express-dynamodb-api-project\\src\\helpers\\customErrorSwapi.js": {"path":"C:\\Users\\usuario\\Downloads\\aws-node-express-dynamodb-api-project\\src\\helpers\\customErrorSwapi.js","statementMap":{"0":{"start":{"line":3,"column":4},"end":{"line":3,"column":21}},"1":{"start":{"line":5,"column":4},"end":{"line":7,"column":5}},"2":{"start":{"line":6,"column":6},"end":{"line":6,"column":57}},"3":{"start":{"line":9,"column":4},"end":{"line":9,"column":41}},"4":{"start":{"line":10,"column":4},"end":{"line":10,"column":33}},"5":{"start":{"line":11,"column":4},"end":{"line":11,"column":27}},"6":{"start":{"line":15,"column":0},"end":{"line":15,"column":41}}},"fnMap":{"0":{"name":"(anonymous_0)","decl":{"start":{"line":2,"column":2},"end":{"line":2,"column":3}},"loc":{"start":{"line":2,"column":45},"end":{"line":12,"column":3}},"line":2}},"branchMap":{"0":{"loc":{"start":{"line":2,"column":14},"end":{"line":2,"column":32}},"type":"default-arg","locations":[{"start":{"line":2,"column":27},"end":{"line":2,"column":32}}],"line":2},"1":{"loc":{"start":{"line":5,"column":4},"end":{"line":7,"column":5}},"type":"if","locations":[{"start":{"line":5,"column":4},"end":{"line":7,"column":5}},{"start":{},"end":{}}],"line":5}},"s":{"0":0,"1":0,"2":0,"3":0,"4":0,"5":0,"6":1},"f":{"0":0},"b":{"0":[0],"1":[0,0]},"_coverageSchema":"1a1c01bbd47fc00a2c39e90264f33305004495a9","hash":"17959865c9c97b355d45c9de3ca620bf9f001d34"}
,"C:\\Users\\usuario\\Downloads\\aws-node-express-dynamodb-api-project\\src\\models\\peopleModals.js": {"path":"C:\\Users\\usuario\\Downloads\\aws-node-express-dynamodb-api-project\\src\\models\\peopleModals.js","statementMap":{"0":{"start":{"line":5,"column":4},"end":{"line":5,"column":36}},"1":{"start":{"line":6,"column":40},"end":{"line":6,"column":69}},"2":{"start":{"line":7,"column":43},"end":{"line":7,"column":72}},"3":{"start":{"line":8,"column":18},"end":{"line":8,"column":42}},"4":{"start":{"line":12,"column":4},"end":{"line":12,"column":36}},"5":{"start":{"line":13,"column":4},"end":{"line":13,"column":32}},"6":{"start":{"line":14,"column":4},"end":{"line":14,"column":32}},"7":{"start":{"line":15,"column":4},"end":{"line":15,"column":28}},"8":{"start":{"line":16,"column":4},"end":{"line":16,"column":46}},"9":{"start":{"line":17,"column":4},"end":{"line":17,"column":46}},"10":{"start":{"line":18,"column":4},"end":{"line":18,"column":46}},"11":{"start":{"line":19,"column":4},"end":{"line":19,"column":54}},"12":{"start":{"line":20,"column":4},"end":{"line":20,"column":32}},"13":{"start":{"line":21,"column":4},"end":{"line":21,"column":42}},"14":{"start":{"line":22,"column":4},"end":{"line":22,"column":38}},"15":{"start":{"line":23,"column":4},"end":{"line":23,"column":36}},"16":{"start":{"line":24,"column":4},"end":{"line":24,"column":38}},"17":{"start":{"line":25,"column":4},"end":{"line":25,"column":50}},"18":{"start":{"line":26,"column":4},"end":{"line":26,"column":32}},"19":{"start":{"line":27,"column":4},"end":{"line":27,"column":34}},"20":{"start":{"line":28,"column":4},"end":{"line":28,"column":34}},"21":{"start":{"line":32,"column":4},"end":{"line":40,"column":5}},"22":{"start":{"line":33,"column":21},"end":{"line":36,"column":7}},"23":{"start":{"line":37,"column":6},"end":{"line":37,"column":60}},"24":{"start":{"line":39,"column":6},"end":{"line":39,"column":18}},"25":{"start":{"line":44,"column":4},"end":{"line":54,"column":5}},"26":{"start":{"line":45,"column":21},"end":{"line":50,"column":7}},"27":{"start":{"line":51,"column":6},"end":{"line":51,"column":59}},"28":{"start":{"line":53,"column":6},"end":{"line":53,"column":18}},"29":{"start":{"line":58,"column":4},"end":{"line":86,"column":5}},"30":{"start":{"line":59,"column":26},"end":{"line":59,"column":47}},"31":{"start":{"line":60,"column":21},"end":{"line":81,"column":7}},"32":{"start":{"line":83,"column":6},"end":{"line":83,"column":59}},"33":{"start":{"line":85,"column":6},"end":{"line":85,"column":18}},"34":{"start":{"line":90,"column":0},"end":{"line":90,"column":33}}},"fnMap":{"0":{"name":"(anonymous_0)","decl":{"start":{"line":11,"column":2},"end":{"line":11,"column":3}},"loc":{"start":{"line":11,"column":22},"end":{"line":29,"column":3}},"line":11},"1":{"name":"(anonymous_1)","decl":{"start":{"line":31,"column":2},"end":{"line":31,"column":3}},"loc":{"start":{"line":31,"column":26},"end":{"line":41,"column":3}},"line":31},"2":{"name":"(anonymous_2)","decl":{"start":{"line":43,"column":2},"end":{"line":43,"column":3}},"loc":{"start":{"line":43,"column":37},"end":{"line":55,"column":3}},"line":43},"3":{"name":"(anonymous_3)","decl":{"start":{"line":57,"column":2},"end":{"line":57,"column":3}},"loc":{"start":{"line":57,"column":32},"end":{"line":87,"column":3}},"line":57}},"branchMap":{},"s":{"0":1,"1":1,"2":1,"3":1,"4":1,"5":1,"6":1,"7":1,"8":1,"9":1,"10":1,"11":1,"12":1,"13":1,"14":1,"15":1,"16":1,"17":1,"18":1,"19":1,"20":1,"21":1,"22":1,"23":1,"24":0,"25":1,"26":1,"27":1,"28":0,"29":1,"30":1,"31":1,"32":1,"33":0,"34":1},"f":{"0":1,"1":1,"2":1,"3":1},"b":{},"_coverageSchema":"1a1c01bbd47fc00a2c39e90264f33305004495a9","hash":"2215c6dfddd2357a92d90b4ae31c19d94cdcd63c"}
,"C:\\Users\\usuario\\Downloads\\aws-node-express-dynamodb-api-project\\src\\models\\peopleSwapiModals.js": {"path":"C:\\Users\\usuario\\Downloads\\aws-node-express-dynamodb-api-project\\src\\models\\peopleSwapiModals.js","statementMap":{"0":{"start":{"line":1,"column":14},"end":{"line":1,"column":35}},"1":{"start":{"line":2,"column":32},"end":{"line":2,"column":70}},"2":{"start":{"line":6,"column":4},"end":{"line":6,"column":30}},"3":{"start":{"line":7,"column":4},"end":{"line":7,"column":32}},"4":{"start":{"line":8,"column":4},"end":{"line":8,"column":28}},"5":{"start":{"line":9,"column":4},"end":{"line":9,"column":43}},"6":{"start":{"line":10,"column":4},"end":{"line":10,"column":43}},"7":{"start":{"line":11,"column":4},"end":{"line":11,"column":42}},"8":{"start":{"line":12,"column":4},"end":{"line":12,"column":47}},"9":{"start":{"line":13,"column":4},"end":{"line":13,"column":32}},"10":{"start":{"line":14,"column":4},"end":{"line":14,"column":40}},"11":{"start":{"line":15,"column":4},"end":{"line":15,"column":34}},"12":{"start":{"line":16,"column":4},"end":{"line":16,"column":34}},"13":{"start":{"line":17,"column":4},"end":{"line":17,"column":37}},"14":{"start":{"line":18,"column":4},"end":{"line":18,"column":44}},"15":{"start":{"line":19,"column":4},"end":{"line":19,"column":33}},"16":{"start":{"line":20,"column":4},"end":{"line":20,"column":33}},"17":{"start":{"line":21,"column":4},"end":{"line":21,"column":30}},"18":{"start":{"line":25,"column":4},"end":{"line":30,"column":5}},"19":{"start":{"line":26,"column":31},"end":{"line":26,"column":51}},"20":{"start":{"line":27,"column":6},"end":{"line":27,"column":74}},"21":{"start":{"line":27,"column":49},"end":{"line":27,"column":72}},"22":{"start":{"line":29,"column":6},"end":{"line":29,"column":52}},"23":{"start":{"line":34,"column":4},"end":{"line":39,"column":5}},"24":{"start":{"line":35,"column":27},"end":{"line":35,"column":63}},"25":{"start":{"line":36,"column":6},"end":{"line":36,"column":48}},"26":{"start":{"line":38,"column":6},"end":{"line":38,"column":52}},"27":{"start":{"line":43,"column":0},"end":{"line":43,"column":38}}},"fnMap":{"0":{"name":"(anonymous_0)","decl":{"start":{"line":5,"column":2},"end":{"line":5,"column":3}},"loc":{"start":{"line":5,"column":22},"end":{"line":22,"column":3}},"line":5},"1":{"name":"(anonymous_1)","decl":{"start":{"line":24,"column":2},"end":{"line":24,"column":3}},"loc":{"start":{"line":24,"column":26},"end":{"line":31,"column":3}},"line":24},"2":{"name":"(anonymous_2)","decl":{"start":{"line":27,"column":42},"end":{"line":27,"column":43}},"loc":{"start":{"line":27,"column":49},"end":{"line":27,"column":72}},"line":27},"3":{"name":"(anonymous_3)","decl":{"start":{"line":33,"column":2},"end":{"line":33,"column":3}},"loc":{"start":{"line":33,"column":37},"end":{"line":40,"column":3}},"line":33}},"branchMap":{},"s":{"0":1,"1":1,"2":0,"3":0,"4":0,"5":0,"6":0,"7":0,"8":0,"9":0,"10":0,"11":0,"12":0,"13":0,"14":0,"15":0,"16":0,"17":0,"18":0,"19":0,"20":0,"21":0,"22":0,"23":0,"24":0,"25":0,"26":0,"27":1},"f":{"0":0,"1":0,"2":0,"3":0},"b":{},"_coverageSchema":"1a1c01bbd47fc00a2c39e90264f33305004495a9","hash":"831beefa7b5e7fb9a1ba43883766d7591eadcaa5"}
,"C:\\Users\\usuario\\Downloads\\aws-node-express-dynamodb-api-project\\src\\services\\peopleService.js": {"path":"C:\\Users\\usuario\\Downloads\\aws-node-express-dynamodb-api-project\\src\\services\\peopleService.js","statementMap":{"0":{"start":{"line":1,"column":24},"end":{"line":1,"column":57}},"1":{"start":{"line":2,"column":29},"end":{"line":2,"column":67}},"2":{"start":{"line":3,"column":14},"end":{"line":3,"column":35}},"3":{"start":{"line":6,"column":2},"end":{"line":25,"column":3}},"4":{"start":{"line":7,"column":22},"end":{"line":7,"column":50}},"5":{"start":{"line":8,"column":38},"end":{"line":8,"column":71}},"6":{"start":{"line":9,"column":4},"end":{"line":16,"column":6}},"7":{"start":{"line":18,"column":4},"end":{"line":18,"column":23}},"8":{"start":{"line":19,"column":4},"end":{"line":24,"column":6}},"9":{"start":{"line":29,"column":2},"end":{"line":62,"column":3}},"10":{"start":{"line":30,"column":21},"end":{"line":32,"column":6}},"11":{"start":{"line":33,"column":28},"end":{"line":35,"column":6}},"12":{"start":{"line":37,"column":4},"end":{"line":53,"column":5}},"13":{"start":{"line":38,"column":6},"end":{"line":45,"column":8}},"14":{"start":{"line":47,"column":6},"end":{"line":52,"column":8}},"15":{"start":{"line":55,"column":4},"end":{"line":55,"column":23}},"16":{"start":{"line":56,"column":4},"end":{"line":61,"column":6}},"17":{"start":{"line":66,"column":2},"end":{"line":105,"column":3}},"18":{"start":{"line":67,"column":17},"end":{"line":67,"column":45}},"19":{"start":{"line":68,"column":4},"end":{"line":75,"column":5}},"20":{"start":{"line":69,"column":6},"end":{"line":74,"column":8}},"21":{"start":{"line":77,"column":4},"end":{"line":84,"column":5}},"22":{"start":{"line":78,"column":6},"end":{"line":83,"column":8}},"23":{"start":{"line":86,"column":4},"end":{"line":88,"column":7}},"24":{"start":{"line":90,"column":4},"end":{"line":96,"column":6}},"25":{"start":{"line":98,"column":4},"end":{"line":98,"column":23}},"26":{"start":{"line":99,"column":4},"end":{"line":104,"column":6}},"27":{"start":{"line":108,"column":0},"end":{"line":112,"column":2}}},"fnMap":{"0":{"name":"getAllPeoplesService","decl":{"start":{"line":5,"column":15},"end":{"line":5,"column":35}},"loc":{"start":{"line":5,"column":49},"end":{"line":26,"column":1}},"line":5},"1":{"name":"getByIdPeopleService","decl":{"start":{"line":28,"column":15},"end":{"line":28,"column":35}},"loc":{"start":{"line":28,"column":49},"end":{"line":63,"column":1}},"line":28},"2":{"name":"createPeopleService","decl":{"start":{"line":65,"column":15},"end":{"line":65,"column":34}},"loc":{"start":{"line":65,"column":48},"end":{"line":106,"column":1}},"line":65}},"branchMap":{"0":{"loc":{"start":{"line":20,"column":18},"end":{"line":20,"column":41}},"type":"binary-expr","locations":[{"start":{"line":20,"column":18},"end":{"line":20,"column":34}},{"start":{"line":20,"column":38},"end":{"line":20,"column":41}}],"line":20},"1":{"loc":{"start":{"line":37,"column":4},"end":{"line":53,"column":5}},"type":"if","locations":[{"start":{"line":37,"column":4},"end":{"line":53,"column":5}},{"start":{"line":46,"column":11},"end":{"line":53,"column":5}}],"line":37},"2":{"loc":{"start":{"line":37,"column":8},"end":{"line":37,"column":31}},"type":"binary-expr","locations":[{"start":{"line":37,"column":8},"end":{"line":37,"column":12}},{"start":{"line":37,"column":16},"end":{"line":37,"column":31}}],"line":37},"3":{"loc":{"start":{"line":42,"column":20},"end":{"line":42,"column":55}},"type":"binary-expr","locations":[{"start":{"line":42,"column":20},"end":{"line":42,"column":24}},{"start":{"line":42,"column":28},"end":{"line":42,"column":55}}],"line":42},"4":{"loc":{"start":{"line":43,"column":17},"end":{"line":43,"column":63}},"type":"binary-expr","locations":[{"start":{"line":43,"column":17},"end":{"line":43,"column":32}},{"start":{"line":43,"column":36},"end":{"line":43,"column":63}}],"line":43},"5":{"loc":{"start":{"line":57,"column":18},"end":{"line":57,"column":41}},"type":"binary-expr","locations":[{"start":{"line":57,"column":18},"end":{"line":57,"column":34}},{"start":{"line":57,"column":38},"end":{"line":57,"column":41}}],"line":57},"6":{"loc":{"start":{"line":68,"column":4},"end":{"line":75,"column":5}},"type":"if","locations":[{"start":{"line":68,"column":4},"end":{"line":75,"column":5}},{"start":{},"end":{}}],"line":68},"7":{"loc":{"start":{"line":68,"column":8},"end":{"line":68,"column":71}},"type":"binary-expr","locations":[{"start":{"line":68,"column":8},"end":{"line":68,"column":41}},{"start":{"line":68,"column":45},"end":{"line":68,"column":71}}],"line":68},"8":{"loc":{"start":{"line":77,"column":4},"end":{"line":84,"column":5}},"type":"if","locations":[{"start":{"line":77,"column":4},"end":{"line":84,"column":5}},{"start":{},"end":{}}],"line":77},"9":{"loc":{"start":{"line":77,"column":8},"end":{"line":77,"column":67}},"type":"binary-expr","locations":[{"start":{"line":77,"column":8},"end":{"line":77,"column":39}},{"start":{"line":77,"column":43},"end":{"line":77,"column":67}}],"line":77},"10":{"loc":{"start":{"line":100,"column":18},"end":{"line":100,"column":41}},"type":"binary-expr","locations":[{"start":{"line":100,"column":18},"end":{"line":100,"column":34}},{"start":{"line":100,"column":38},"end":{"line":100,"column":41}}],"line":100}},"s":{"0":1,"1":1,"2":1,"3":1,"4":1,"5":0,"6":0,"7":1,"8":1,"9":1,"10":1,"11":0,"12":0,"13":0,"14":0,"15":1,"16":1,"17":1,"18":1,"19":1,"20":0,"21":1,"22":0,"23":1,"24":0,"25":1,"26":1,"27":1},"f":{"0":1,"1":1,"2":1},"b":{"0":[1,1],"1":[0,0],"2":[0,0],"3":[0,0],"4":[0,0],"5":[1,1],"6":[0,1],"7":[1,1],"8":[0,1],"9":[1,1],"10":[1,1]},"_coverageSchema":"1a1c01bbd47fc00a2c39e90264f33305004495a9","hash":"ad061d638c3808571ddf1d0e2c6c05af3445ef8c"}
}
