{"C:\\Users\\usuario\\Downloads\\aws-node-express-dynamodb-api-project\\src\\controllers\\peopleController.js": {"path":"C:\\Users\\usuario\\Downloads\\aws-node-express-dynamodb-api-project\\src\\controllers\\peopleController.js","statementMap":{"0":{"start":{"line":1,"column":23},"end":{"line":1,"column":59}},"1":{"start":{"line":3,"column":0},"end":{"line":20,"column":2}},"2":{"start":{"line":5,"column":4},"end":{"line":9,"column":5}},"3":{"start":{"line":6,"column":6},"end":{"line":6,"column":62}},"4":{"start":{"line":8,"column":6},"end":{"line":8,"column":62}},"5":{"start":{"line":12,"column":4},"end":{"line":12,"column":59}},"6":{"start":{"line":15,"column":4},"end":{"line":15,"column":59}},"7":{"start":{"line":18,"column":4},"end":{"line":18,"column":59}}},"fnMap":{"0":{"name":"(anonymous_0)","decl":{"start":{"line":4,"column":2},"end":{"line":4,"column":3}},"loc":{"start":{"line":4,"column":31},"end":{"line":10,"column":3}},"line":4},"1":{"name":"(anonymous_1)","decl":{"start":{"line":11,"column":2},"end":{"line":11,"column":3}},"loc":{"start":{"line":11,"column":34},"end":{"line":13,"column":3}},"line":11},"2":{"name":"(anonymous_2)","decl":{"start":{"line":14,"column":2},"end":{"line":14,"column":3}},"loc":{"start":{"line":14,"column":34},"end":{"line":16,"column":3}},"line":14},"3":{"name":"(anonymous_3)","decl":{"start":{"line":17,"column":2},"end":{"line":17,"column":3}},"loc":{"start":{"line":17,"column":34},"end":{"line":19,"column":3}},"line":17}},"branchMap":{"0":{"loc":{"start":{"line":5,"column":4},"end":{"line":9,"column":5}},"type":"if","locations":[{"start":{"line":5,"column":4},"end":{"line":9,"column":5}},{"start":{"line":7,"column":11},"end":{"line":9,"column":5}}],"line":5}},"s":{"0":1,"1":1,"2":2,"3":1,"4":1,"5":3,"6":0,"7":0},"f":{"0":2,"1":3,"2":0,"3":0},"b":{"0":[1,1]},"_coverageSchema":"1a1c01bbd47fc00a2c39e90264f33305004495a9","hash":"646460626036e882a39453d7394e74ca7f63b161"}
,"C:\\Users\\usuario\\Downloads\\aws-node-express-dynamodb-api-project\\src\\database\\config.js": {"path":"C:\\Users\\usuario\\Downloads\\aws-node-express-dynamodb-api-project\\src\\database\\config.js","statementMap":{"0":{"start":{"line":1,"column":27},"end":{"line":1,"column":62}},"1":{"start":{"line":2,"column":35},"end":{"line":2,"column":67}},"2":{"start":{"line":5,"column":2},"end":{"line":41,"column":3}},"3":{"start":{"line":6,"column":28},"end":{"line":10,"column":5}},"4":{"start":{"line":12,"column":30},"end":{"line":14,"column":5}},"5":{"start":{"line":16,"column":28},"end":{"line":16,"column":66}},"6":{"start":{"line":19,"column":6},"end":{"line":28,"column":30}},"7":{"start":{"line":29,"column":29},"end":{"line":32,"column":5}},"8":{"start":{"line":33,"column":27},"end":{"line":36,"column":5}},"9":{"start":{"line":34,"column":6},"end":{"line":34,"column":33}},"10":{"start":{"line":35,"column":6},"end":{"line":35,"column":23}},"11":{"start":{"line":38,"column":4},"end":{"line":38,"column":46}},"12":{"start":{"line":40,"column":4},"end":{"line":40,"column":40}},"13":{"start":{"line":44,"column":0},"end":{"line":44,"column":49}}},"fnMap":{"0":{"name":"DB_CONNECT_DYNAMO_DB_CLIENT","decl":{"start":{"line":4,"column":9},"end":{"line":4,"column":36}},"loc":{"start":{"line":4,"column":39},"end":{"line":42,"column":1}},"line":4},"1":{"name":"(anonymous_1)","decl":{"start":{"line":33,"column":27},"end":{"line":33,"column":28}},"loc":{"start":{"line":33,"column":33},"end":{"line":36,"column":5}},"line":33}},"branchMap":{"0":{"loc":{"start":{"line":19,"column":6},"end":{"line":28,"column":30}},"type":"cond-expr","locations":[{"start":{"line":20,"column":10},"end":{"line":27,"column":12}},{"start":{"line":28,"column":10},"end":{"line":28,"column":30}}],"line":19}},"s":{"0":1,"1":1,"2":1,"3":1,"4":1,"5":1,"6":1,"7":1,"8":1,"9":0,"10":0,"11":1,"12":0,"13":1},"f":{"0":1,"1":0},"b":{"0":[0,1]},"_coverageSchema":"1a1c01bbd47fc00a2c39e90264f33305004495a9","hash":"368553bacdfbb92f73ada50e8305a79a30b3ae7b"}
,"C:\\Users\\usuario\\Downloads\\aws-node-express-dynamodb-api-project\\src\\helpers\\customErrorSwapi.js": {"path":"C:\\Users\\usuario\\Downloads\\aws-node-express-dynamodb-api-project\\src\\helpers\\customErrorSwapi.js","statementMap":{"0":{"start":{"line":3,"column":4},"end":{"line":3,"column":21}},"1":{"start":{"line":5,"column":4},"end":{"line":7,"column":5}},"2":{"start":{"line":6,"column":6},"end":{"line":6,"column":57}},"3":{"start":{"line":9,"column":4},"end":{"line":9,"column":41}},"4":{"start":{"line":10,"column":4},"end":{"line":10,"column":33}},"5":{"start":{"line":11,"column":4},"end":{"line":11,"column":27}},"6":{"start":{"line":15,"column":0},"end":{"line":15,"column":41}}},"fnMap":{"0":{"name":"(anonymous_0)","decl":{"start":{"line":2,"column":2},"end":{"line":2,"column":3}},"loc":{"start":{"line":2,"column":45},"end":{"line":12,"column":3}},"line":2}},"branchMap":{"0":{"loc":{"start":{"line":2,"column":14},"end":{"line":2,"column":32}},"type":"default-arg","locations":[{"start":{"line":2,"column":27},"end":{"line":2,"column":32}}],"line":2},"1":{"loc":{"start":{"line":5,"column":4},"end":{"line":7,"column":5}},"type":"if","locations":[{"start":{"line":5,"column":4},"end":{"line":7,"column":5}},{"start":{},"end":{}}],"line":5}},"s":{"0":0,"1":0,"2":0,"3":0,"4":0,"5":0,"6":1},"f":{"0":0},"b":{"0":[0],"1":[0,0]},"_coverageSchema":"1a1c01bbd47fc00a2c39e90264f33305004495a9","hash":"17959865c9c97b355d45c9de3ca620bf9f001d34"}
,"C:\\Users\\usuario\\Downloads\\aws-node-express-dynamodb-api-project\\src\\models\\peopleModals.js": {"path":"C:\\Users\\usuario\\Downloads\\aws-node-express-dynamodb-api-project\\src\\models\\peopleModals.js","statementMap":{"0":{"start":{"line":7,"column":4},"end":{"line":7,"column":36}},"1":{"start":{"line":8,"column":40},"end":{"line":8,"column":69}},"2":{"start":{"line":9,"column":43},"end":{"line":9,"column":72}},"3":{"start":{"line":10,"column":18},"end":{"line":10,"column":42}},"4":{"start":{"line":14,"column":4},"end":{"line":14,"column":36}},"5":{"start":{"line":15,"column":4},"end":{"line":15,"column":32}},"6":{"start":{"line":16,"column":4},"end":{"line":16,"column":32}},"7":{"start":{"line":17,"column":4},"end":{"line":17,"column":28}},"8":{"start":{"line":18,"column":4},"end":{"line":18,"column":46}},"9":{"start":{"line":19,"column":4},"end":{"line":19,"column":46}},"10":{"start":{"line":20,"column":4},"end":{"line":20,"column":46}},"11":{"start":{"line":21,"column":4},"end":{"line":21,"column":56}},"12":{"start":{"line":22,"column":4},"end":{"line":22,"column":32}},"13":{"start":{"line":23,"column":4},"end":{"line":23,"column":42}},"14":{"start":{"line":24,"column":4},"end":{"line":24,"column":38}},"15":{"start":{"line":25,"column":4},"end":{"line":25,"column":38}},"16":{"start":{"line":26,"column":4},"end":{"line":26,"column":50}},"17":{"start":{"line":27,"column":4},"end":{"line":27,"column":32}},"18":{"start":{"line":28,"column":4},"end":{"line":28,"column":34}},"19":{"start":{"line":29,"column":4},"end":{"line":29,"column":34}},"20":{"start":{"line":33,"column":4},"end":{"line":41,"column":5}},"21":{"start":{"line":34,"column":21},"end":{"line":37,"column":7}},"22":{"start":{"line":38,"column":6},"end":{"line":38,"column":60}},"23":{"start":{"line":40,"column":6},"end":{"line":40,"column":18}},"24":{"start":{"line":45,"column":4},"end":{"line":55,"column":5}},"25":{"start":{"line":46,"column":21},"end":{"line":51,"column":7}},"26":{"start":{"line":52,"column":6},"end":{"line":52,"column":59}},"27":{"start":{"line":54,"column":6},"end":{"line":54,"column":18}},"28":{"start":{"line":59,"column":4},"end":{"line":86,"column":5}},"29":{"start":{"line":60,"column":26},"end":{"line":60,"column":47}},"30":{"start":{"line":61,"column":21},"end":{"line":81,"column":7}},"31":{"start":{"line":83,"column":6},"end":{"line":83,"column":59}},"32":{"start":{"line":85,"column":6},"end":{"line":85,"column":18}},"33":{"start":{"line":90,"column":37},"end":{"line":90,"column":69}},"34":{"start":{"line":91,"column":4},"end":{"line":91,"column":42}},"35":{"start":{"line":92,"column":33},"end":{"line":92,"column":54}},"36":{"start":{"line":93,"column":4},"end":{"line":152,"column":5}},"37":{"start":{"line":94,"column":21},"end":{"line":148,"column":7}},"38":{"start":{"line":149,"column":6},"end":{"line":149,"column":62}},"39":{"start":{"line":151,"column":6},"end":{"line":151,"column":18}},"40":{"start":{"line":156,"column":4},"end":{"line":166,"column":5}},"41":{"start":{"line":157,"column":21},"end":{"line":162,"column":7}},"42":{"start":{"line":163,"column":6},"end":{"line":163,"column":62}},"43":{"start":{"line":165,"column":6},"end":{"line":165,"column":18}},"44":{"start":{"line":170,"column":0},"end":{"line":170,"column":33}}},"fnMap":{"0":{"name":"(anonymous_0)","decl":{"start":{"line":13,"column":2},"end":{"line":13,"column":3}},"loc":{"start":{"line":13,"column":22},"end":{"line":30,"column":3}},"line":13},"1":{"name":"(anonymous_1)","decl":{"start":{"line":32,"column":2},"end":{"line":32,"column":3}},"loc":{"start":{"line":32,"column":26},"end":{"line":42,"column":3}},"line":32},"2":{"name":"(anonymous_2)","decl":{"start":{"line":44,"column":2},"end":{"line":44,"column":3}},"loc":{"start":{"line":44,"column":37},"end":{"line":56,"column":3}},"line":44},"3":{"name":"(anonymous_3)","decl":{"start":{"line":58,"column":2},"end":{"line":58,"column":3}},"loc":{"start":{"line":58,"column":32},"end":{"line":87,"column":3}},"line":58},"4":{"name":"(anonymous_4)","decl":{"start":{"line":89,"column":2},"end":{"line":89,"column":3}},"loc":{"start":{"line":89,"column":46},"end":{"line":153,"column":3}},"line":89},"5":{"name":"(anonymous_5)","decl":{"start":{"line":155,"column":2},"end":{"line":155,"column":3}},"loc":{"start":{"line":155,"column":40},"end":{"line":167,"column":3}},"line":155}},"branchMap":{"0":{"loc":{"start":{"line":103,"column":12},"end":{"line":104,"column":49}},"type":"binary-expr","locations":[{"start":{"line":103,"column":12},"end":{"line":103,"column":40}},{"start":{"line":104,"column":12},"end":{"line":104,"column":49}}],"line":103},"1":{"loc":{"start":{"line":106,"column":12},"end":{"line":107,"column":49}},"type":"binary-expr","locations":[{"start":{"line":106,"column":12},"end":{"line":106,"column":40}},{"start":{"line":107,"column":12},"end":{"line":107,"column":49}}],"line":106},"2":{"loc":{"start":{"line":109,"column":12},"end":{"line":109,"column":77}},"type":"binary-expr","locations":[{"start":{"line":109,"column":12},"end":{"line":109,"column":38}},{"start":{"line":109,"column":42},"end":{"line":109,"column":77}}],"line":109},"3":{"loc":{"start":{"line":111,"column":12},"end":{"line":112,"column":56}},"type":"binary-expr","locations":[{"start":{"line":111,"column":12},"end":{"line":111,"column":47}},{"start":{"line":112,"column":12},"end":{"line":112,"column":56}}],"line":111},"4":{"loc":{"start":{"line":114,"column":12},"end":{"line":115,"column":56}},"type":"binary-expr","locations":[{"start":{"line":114,"column":12},"end":{"line":114,"column":47}},{"start":{"line":115,"column":12},"end":{"line":115,"column":56}}],"line":114},"5":{"loc":{"start":{"line":117,"column":12},"end":{"line":118,"column":56}},"type":"binary-expr","locations":[{"start":{"line":117,"column":12},"end":{"line":117,"column":47}},{"start":{"line":118,"column":12},"end":{"line":118,"column":56}}],"line":117},"6":{"loc":{"start":{"line":120,"column":12},"end":{"line":121,"column":61}},"type":"binary-expr","locations":[{"start":{"line":120,"column":12},"end":{"line":120,"column":52}},{"start":{"line":121,"column":12},"end":{"line":121,"column":61}}],"line":120},"7":{"loc":{"start":{"line":123,"column":12},"end":{"line":124,"column":49}},"type":"binary-expr","locations":[{"start":{"line":123,"column":12},"end":{"line":123,"column":40}},{"start":{"line":124,"column":12},"end":{"line":124,"column":49}}],"line":123},"8":{"loc":{"start":{"line":126,"column":12},"end":{"line":127,"column":54}},"type":"binary-expr","locations":[{"start":{"line":126,"column":12},"end":{"line":126,"column":45}},{"start":{"line":127,"column":12},"end":{"line":127,"column":54}}],"line":126},"9":{"loc":{"start":{"line":129,"column":12},"end":{"line":130,"column":52}},"type":"binary-expr","locations":[{"start":{"line":129,"column":12},"end":{"line":129,"column":43}},{"start":{"line":130,"column":12},"end":{"line":130,"column":52}}],"line":129},"10":{"loc":{"start":{"line":132,"column":12},"end":{"line":133,"column":52}},"type":"binary-expr","locations":[{"start":{"line":132,"column":12},"end":{"line":132,"column":43}},{"start":{"line":133,"column":12},"end":{"line":133,"column":52}}],"line":132},"11":{"loc":{"start":{"line":135,"column":12},"end":{"line":136,"column":58}},"type":"binary-expr","locations":[{"start":{"line":135,"column":12},"end":{"line":135,"column":49}},{"start":{"line":136,"column":12},"end":{"line":136,"column":58}}],"line":135},"12":{"loc":{"start":{"line":138,"column":12},"end":{"line":139,"column":49}},"type":"binary-expr","locations":[{"start":{"line":138,"column":12},"end":{"line":138,"column":40}},{"start":{"line":139,"column":12},"end":{"line":139,"column":49}}],"line":138},"13":{"loc":{"start":{"line":141,"column":12},"end":{"line":142,"column":50}},"type":"binary-expr","locations":[{"start":{"line":141,"column":12},"end":{"line":141,"column":41}},{"start":{"line":142,"column":12},"end":{"line":142,"column":50}}],"line":141},"14":{"loc":{"start":{"line":144,"column":12},"end":{"line":145,"column":50}},"type":"binary-expr","locations":[{"start":{"line":144,"column":12},"end":{"line":144,"column":41}},{"start":{"line":145,"column":12},"end":{"line":145,"column":50}}],"line":144}},"s":{"0":1,"1":1,"2":1,"3":1,"4":1,"5":1,"6":1,"7":1,"8":1,"9":1,"10":1,"11":1,"12":1,"13":1,"14":1,"15":1,"16":1,"17":1,"18":1,"19":1,"20":1,"21":1,"22":1,"23":0,"24":1,"25":1,"26":1,"27":0,"28":1,"29":1,"30":1,"31":1,"32":0,"33":0,"34":0,"35":0,"36":0,"37":0,"38":0,"39":0,"40":0,"41":0,"42":0,"43":0,"44":1},"f":{"0":1,"1":1,"2":1,"3":1,"4":0,"5":0},"b":{"0":[0,0],"1":[0,0],"2":[0,0],"3":[0,0],"4":[0,0],"5":[0,0],"6":[0,0],"7":[0,0],"8":[0,0],"9":[0,0],"10":[0,0],"11":[0,0],"12":[0,0],"13":[0,0],"14":[0,0]},"_coverageSchema":"1a1c01bbd47fc00a2c39e90264f33305004495a9","hash":"fd23628ce3dc2224b478edb48ef8e6e7a14e6abf"}
,"C:\\Users\\usuario\\Downloads\\aws-node-express-dynamodb-api-project\\src\\models\\peopleSwapiModals.js": {"path":"C:\\Users\\usuario\\Downloads\\aws-node-express-dynamodb-api-project\\src\\models\\peopleSwapiModals.js","statementMap":{"0":{"start":{"line":1,"column":14},"end":{"line":1,"column":35}},"1":{"start":{"line":2,"column":32},"end":{"line":2,"column":70}},"2":{"start":{"line":6,"column":4},"end":{"line":6,"column":30}},"3":{"start":{"line":7,"column":4},"end":{"line":7,"column":32}},"4":{"start":{"line":8,"column":4},"end":{"line":8,"column":28}},"5":{"start":{"line":9,"column":4},"end":{"line":9,"column":43}},"6":{"start":{"line":10,"column":4},"end":{"line":10,"column":43}},"7":{"start":{"line":11,"column":4},"end":{"line":11,"column":42}},"8":{"start":{"line":12,"column":4},"end":{"line":12,"column":48}},"9":{"start":{"line":13,"column":4},"end":{"line":13,"column":32}},"10":{"start":{"line":14,"column":4},"end":{"line":14,"column":40}},"11":{"start":{"line":15,"column":4},"end":{"line":15,"column":34}},"12":{"start":{"line":16,"column":4},"end":{"line":16,"column":37}},"13":{"start":{"line":17,"column":4},"end":{"line":17,"column":44}},"14":{"start":{"line":18,"column":4},"end":{"line":18,"column":33}},"15":{"start":{"line":19,"column":4},"end":{"line":19,"column":33}},"16":{"start":{"line":20,"column":4},"end":{"line":20,"column":30}},"17":{"start":{"line":24,"column":4},"end":{"line":29,"column":5}},"18":{"start":{"line":25,"column":31},"end":{"line":25,"column":51}},"19":{"start":{"line":26,"column":6},"end":{"line":26,"column":74}},"20":{"start":{"line":26,"column":49},"end":{"line":26,"column":72}},"21":{"start":{"line":28,"column":6},"end":{"line":28,"column":52}},"22":{"start":{"line":33,"column":4},"end":{"line":38,"column":5}},"23":{"start":{"line":34,"column":27},"end":{"line":34,"column":63}},"24":{"start":{"line":35,"column":6},"end":{"line":35,"column":48}},"25":{"start":{"line":37,"column":6},"end":{"line":37,"column":52}},"26":{"start":{"line":42,"column":0},"end":{"line":42,"column":38}}},"fnMap":{"0":{"name":"(anonymous_0)","decl":{"start":{"line":5,"column":2},"end":{"line":5,"column":3}},"loc":{"start":{"line":5,"column":22},"end":{"line":21,"column":3}},"line":5},"1":{"name":"(anonymous_1)","decl":{"start":{"line":23,"column":2},"end":{"line":23,"column":3}},"loc":{"start":{"line":23,"column":26},"end":{"line":30,"column":3}},"line":23},"2":{"name":"(anonymous_2)","decl":{"start":{"line":26,"column":42},"end":{"line":26,"column":43}},"loc":{"start":{"line":26,"column":49},"end":{"line":26,"column":72}},"line":26},"3":{"name":"(anonymous_3)","decl":{"start":{"line":32,"column":2},"end":{"line":32,"column":3}},"loc":{"start":{"line":32,"column":37},"end":{"line":39,"column":3}},"line":32}},"branchMap":{},"s":{"0":1,"1":1,"2":0,"3":0,"4":0,"5":0,"6":0,"7":0,"8":0,"9":0,"10":0,"11":0,"12":0,"13":0,"14":0,"15":0,"16":0,"17":0,"18":0,"19":0,"20":0,"21":0,"22":0,"23":0,"24":0,"25":0,"26":1},"f":{"0":0,"1":0,"2":0,"3":0},"b":{},"_coverageSchema":"1a1c01bbd47fc00a2c39e90264f33305004495a9","hash":"3007ecbf30208a013a17e22812697046131b47c6"}
,"C:\\Users\\usuario\\Downloads\\aws-node-express-dynamodb-api-project\\src\\services\\peopleService.js": {"path":"C:\\Users\\usuario\\Downloads\\aws-node-express-dynamodb-api-project\\src\\services\\peopleService.js","statementMap":{"0":{"start":{"line":1,"column":24},"end":{"line":1,"column":57}},"1":{"start":{"line":2,"column":29},"end":{"line":2,"column":67}},"2":{"start":{"line":3,"column":14},"end":{"line":3,"column":35}},"3":{"start":{"line":6,"column":2},"end":{"line":25,"column":3}},"4":{"start":{"line":7,"column":22},"end":{"line":7,"column":50}},"5":{"start":{"line":8,"column":38},"end":{"line":8,"column":71}},"6":{"start":{"line":9,"column":4},"end":{"line":16,"column":6}},"7":{"start":{"line":18,"column":4},"end":{"line":18,"column":23}},"8":{"start":{"line":19,"column":4},"end":{"line":24,"column":6}},"9":{"start":{"line":29,"column":2},"end":{"line":62,"column":3}},"10":{"start":{"line":30,"column":21},"end":{"line":32,"column":6}},"11":{"start":{"line":33,"column":28},"end":{"line":35,"column":6}},"12":{"start":{"line":37,"column":4},"end":{"line":53,"column":5}},"13":{"start":{"line":38,"column":6},"end":{"line":45,"column":8}},"14":{"start":{"line":47,"column":6},"end":{"line":52,"column":8}},"15":{"start":{"line":55,"column":4},"end":{"line":55,"column":23}},"16":{"start":{"line":56,"column":4},"end":{"line":61,"column":6}},"17":{"start":{"line":66,"column":2},"end":{"line":105,"column":3}},"18":{"start":{"line":67,"column":17},"end":{"line":67,"column":45}},"19":{"start":{"line":68,"column":4},"end":{"line":75,"column":5}},"20":{"start":{"line":69,"column":6},"end":{"line":74,"column":8}},"21":{"start":{"line":77,"column":4},"end":{"line":84,"column":5}},"22":{"start":{"line":78,"column":6},"end":{"line":83,"column":8}},"23":{"start":{"line":86,"column":4},"end":{"line":88,"column":7}},"24":{"start":{"line":90,"column":4},"end":{"line":96,"column":6}},"25":{"start":{"line":98,"column":4},"end":{"line":98,"column":23}},"26":{"start":{"line":99,"column":4},"end":{"line":104,"column":6}},"27":{"start":{"line":109,"column":2},"end":{"line":141,"column":3}},"28":{"start":{"line":110,"column":17},"end":{"line":110,"column":45}},"29":{"start":{"line":111,"column":28},"end":{"line":114,"column":6}},"30":{"start":{"line":115,"column":4},"end":{"line":115,"column":33}},"31":{"start":{"line":117,"column":4},"end":{"line":132,"column":5}},"32":{"start":{"line":118,"column":6},"end":{"line":124,"column":8}},"33":{"start":{"line":126,"column":6},"end":{"line":131,"column":8}},"34":{"start":{"line":134,"column":4},"end":{"line":134,"column":23}},"35":{"start":{"line":135,"column":4},"end":{"line":140,"column":6}},"36":{"start":{"line":145,"column":2},"end":{"line":174,"column":3}},"37":{"start":{"line":146,"column":28},"end":{"line":148,"column":6}},"38":{"start":{"line":150,"column":4},"end":{"line":165,"column":5}},"39":{"start":{"line":151,"column":6},"end":{"line":156,"column":8}},"40":{"start":{"line":158,"column":6},"end":{"line":164,"column":8}},"41":{"start":{"line":167,"column":4},"end":{"line":167,"column":23}},"42":{"start":{"line":168,"column":4},"end":{"line":173,"column":6}},"43":{"start":{"line":177,"column":0},"end":{"line":183,"column":2}}},"fnMap":{"0":{"name":"getAllPeoplesService","decl":{"start":{"line":5,"column":15},"end":{"line":5,"column":35}},"loc":{"start":{"line":5,"column":49},"end":{"line":26,"column":1}},"line":5},"1":{"name":"getByIdPeopleService","decl":{"start":{"line":28,"column":15},"end":{"line":28,"column":35}},"loc":{"start":{"line":28,"column":49},"end":{"line":63,"column":1}},"line":28},"2":{"name":"createPeopleService","decl":{"start":{"line":65,"column":15},"end":{"line":65,"column":34}},"loc":{"start":{"line":65,"column":48},"end":{"line":106,"column":1}},"line":65},"3":{"name":"updatePeopleService","decl":{"start":{"line":108,"column":15},"end":{"line":108,"column":34}},"loc":{"start":{"line":108,"column":48},"end":{"line":142,"column":1}},"line":108},"4":{"name":"deletePeopleService","decl":{"start":{"line":144,"column":15},"end":{"line":144,"column":34}},"loc":{"start":{"line":144,"column":48},"end":{"line":175,"column":1}},"line":144}},"branchMap":{"0":{"loc":{"start":{"line":20,"column":18},"end":{"line":20,"column":41}},"type":"binary-expr","locations":[{"start":{"line":20,"column":18},"end":{"line":20,"column":34}},{"start":{"line":20,"column":38},"end":{"line":20,"column":41}}],"line":20},"1":{"loc":{"start":{"line":37,"column":4},"end":{"line":53,"column":5}},"type":"if","locations":[{"start":{"line":37,"column":4},"end":{"line":53,"column":5}},{"start":{"line":46,"column":11},"end":{"line":53,"column":5}}],"line":37},"2":{"loc":{"start":{"line":37,"column":8},"end":{"line":37,"column":31}},"type":"binary-expr","locations":[{"start":{"line":37,"column":8},"end":{"line":37,"column":12}},{"start":{"line":37,"column":16},"end":{"line":37,"column":31}}],"line":37},"3":{"loc":{"start":{"line":42,"column":20},"end":{"line":42,"column":55}},"type":"binary-expr","locations":[{"start":{"line":42,"column":20},"end":{"line":42,"column":24}},{"start":{"line":42,"column":28},"end":{"line":42,"column":55}}],"line":42},"4":{"loc":{"start":{"line":43,"column":17},"end":{"line":43,"column":63}},"type":"binary-expr","locations":[{"start":{"line":43,"column":17},"end":{"line":43,"column":32}},{"start":{"line":43,"column":36},"end":{"line":43,"column":63}}],"line":43},"5":{"loc":{"start":{"line":57,"column":18},"end":{"line":57,"column":41}},"type":"binary-expr","locations":[{"start":{"line":57,"column":18},"end":{"line":57,"column":34}},{"start":{"line":57,"column":38},"end":{"line":57,"column":41}}],"line":57},"6":{"loc":{"start":{"line":68,"column":4},"end":{"line":75,"column":5}},"type":"if","locations":[{"start":{"line":68,"column":4},"end":{"line":75,"column":5}},{"start":{},"end":{}}],"line":68},"7":{"loc":{"start":{"line":68,"column":8},"end":{"line":68,"column":71}},"type":"binary-expr","locations":[{"start":{"line":68,"column":8},"end":{"line":68,"column":41}},{"start":{"line":68,"column":45},"end":{"line":68,"column":71}}],"line":68},"8":{"loc":{"start":{"line":77,"column":4},"end":{"line":84,"column":5}},"type":"if","locations":[{"start":{"line":77,"column":4},"end":{"line":84,"column":5}},{"start":{},"end":{}}],"line":77},"9":{"loc":{"start":{"line":77,"column":8},"end":{"line":77,"column":67}},"type":"binary-expr","locations":[{"start":{"line":77,"column":8},"end":{"line":77,"column":39}},{"start":{"line":77,"column":43},"end":{"line":77,"column":67}}],"line":77},"10":{"loc":{"start":{"line":100,"column":18},"end":{"line":100,"column":41}},"type":"binary-expr","locations":[{"start":{"line":100,"column":18},"end":{"line":100,"column":34}},{"start":{"line":100,"column":38},"end":{"line":100,"column":41}}],"line":100},"11":{"loc":{"start":{"line":117,"column":4},"end":{"line":132,"column":5}},"type":"if","locations":[{"start":{"line":117,"column":4},"end":{"line":132,"column":5}},{"start":{"line":125,"column":11},"end":{"line":132,"column":5}}],"line":117},"12":{"loc":{"start":{"line":119,"column":20},"end":{"line":119,"column":67}},"type":"binary-expr","locations":[{"start":{"line":119,"column":20},"end":{"line":119,"column":60}},{"start":{"line":119,"column":64},"end":{"line":119,"column":67}}],"line":119},"13":{"loc":{"start":{"line":122,"column":20},"end":{"line":122,"column":77}},"type":"binary-expr","locations":[{"start":{"line":122,"column":20},"end":{"line":122,"column":46}},{"start":{"line":122,"column":50},"end":{"line":122,"column":77}}],"line":122},"14":{"loc":{"start":{"line":127,"column":20},"end":{"line":127,"column":67}},"type":"binary-expr","locations":[{"start":{"line":127,"column":20},"end":{"line":127,"column":60}},{"start":{"line":127,"column":64},"end":{"line":127,"column":67}}],"line":127},"15":{"loc":{"start":{"line":136,"column":18},"end":{"line":136,"column":41}},"type":"binary-expr","locations":[{"start":{"line":136,"column":18},"end":{"line":136,"column":34}},{"start":{"line":136,"column":38},"end":{"line":136,"column":41}}],"line":136},"16":{"loc":{"start":{"line":150,"column":4},"end":{"line":165,"column":5}},"type":"if","locations":[{"start":{"line":150,"column":4},"end":{"line":165,"column":5}},{"start":{"line":157,"column":11},"end":{"line":165,"column":5}}],"line":150},"17":{"loc":{"start":{"line":152,"column":20},"end":{"line":152,"column":67}},"type":"binary-expr","locations":[{"start":{"line":152,"column":20},"end":{"line":152,"column":60}},{"start":{"line":152,"column":64},"end":{"line":152,"column":67}}],"line":152},"18":{"loc":{"start":{"line":159,"column":20},"end":{"line":159,"column":67}},"type":"binary-expr","locations":[{"start":{"line":159,"column":20},"end":{"line":159,"column":60}},{"start":{"line":159,"column":64},"end":{"line":159,"column":67}}],"line":159},"19":{"loc":{"start":{"line":169,"column":18},"end":{"line":169,"column":41}},"type":"binary-expr","locations":[{"start":{"line":169,"column":18},"end":{"line":169,"column":34}},{"start":{"line":169,"column":38},"end":{"line":169,"column":41}}],"line":169}},"s":{"0":1,"1":1,"2":1,"3":1,"4":1,"5":0,"6":0,"7":1,"8":1,"9":1,"10":1,"11":0,"12":0,"13":0,"14":0,"15":1,"16":1,"17":3,"18":3,"19":3,"20":1,"21":1,"22":0,"23":1,"24":0,"25":2,"26":2,"27":0,"28":0,"29":0,"30":0,"31":0,"32":0,"33":0,"34":0,"35":0,"36":0,"37":0,"38":0,"39":0,"40":0,"41":0,"42":0,"43":1},"f":{"0":1,"1":1,"2":3,"3":0,"4":0},"b":{"0":[1,1],"1":[0,0],"2":[0,0],"3":[0,0],"4":[0,0],"5":[1,1],"6":[1,1],"7":[3,1],"8":[0,1],"9":[1,1],"10":[2,2],"11":[0,0],"12":[0,0],"13":[0,0],"14":[0,0],"15":[0,0],"16":[0,0],"17":[0,0],"18":[0,0],"19":[0,0]},"_coverageSchema":"1a1c01bbd47fc00a2c39e90264f33305004495a9","hash":"1f5e95d056d348ef52b844a748bf996b49ac837a"}
}
