TN:
SF:src\controllers\peopleController.js
FN:4,(anonymous_0)
FN:11,(anonymous_1)
FNF:2
FNH:2
FNDA:2,(anonymous_0)
FNDA:1,(anonymous_1)
DA:1,1
DA:3,1
DA:5,2
DA:6,1
DA:8,1
DA:12,1
LF:6
LH:6
BRDA:5,0,0,1
BRDA:5,0,1,1
BRF:2
BRH:2
end_of_record
TN:
SF:src\database\config.js
FN:4,DB_CONNECT_DYNAMO_DB_CLIENT
FN:33,(anonymous_1)
FNF:2
FNH:1
FNDA:1,DB_CONNECT_DYNAMO_DB_CLIENT
FNDA:0,(anonymous_1)
DA:1,1
DA:2,1
DA:5,1
DA:6,1
DA:12,1
DA:16,1
DA:19,1
DA:29,1
DA:33,1
DA:34,0
DA:35,0
DA:38,1
DA:40,0
DA:44,1
LF:14
LH:11
BRDA:19,0,0,0
BRDA:19,0,1,1
BRF:2
BRH:1
end_of_record
TN:
SF:src\helpers\customErrorSwapi.js
FN:2,(anonymous_0)
FNF:1
FNH:0
FNDA:0,(anonymous_0)
DA:3,0
DA:5,0
DA:6,0
DA:9,0
DA:10,0
DA:11,0
DA:15,1
LF:7
LH:1
BRDA:2,0,0,0
BRDA:5,1,0,0
BRDA:5,1,1,0
BRF:3
BRH:0
end_of_record
TN:
SF:src\models\peopleModals.js
FN:11,(anonymous_0)
FN:31,(anonymous_1)
FN:43,(anonymous_2)
FN:57,(anonymous_3)
FNF:4
FNH:4
FNDA:1,(anonymous_0)
FNDA:1,(anonymous_1)
FNDA:1,(anonymous_2)
FNDA:1,(anonymous_3)
DA:5,1
DA:6,1
DA:7,1
DA:8,1
DA:12,1
DA:13,1
DA:14,1
DA:15,1
DA:16,1
DA:17,1
DA:18,1
DA:19,1
DA:20,1
DA:21,1
DA:22,1
DA:23,1
DA:24,1
DA:25,1
DA:26,1
DA:27,1
DA:28,1
DA:32,1
DA:33,1
DA:37,1
DA:39,0
DA:44,1
DA:45,1
DA:51,1
DA:53,0
DA:58,1
DA:59,1
DA:60,1
DA:83,1
DA:85,0
DA:90,1
LF:35
LH:32
BRF:0
BRH:0
end_of_record
TN:
SF:src\models\peopleSwapiModals.js
FN:5,(anonymous_0)
FN:24,(anonymous_1)
FN:27,(anonymous_2)
FN:33,(anonymous_3)
FNF:4
FNH:0
FNDA:0,(anonymous_0)
FNDA:0,(anonymous_1)
FNDA:0,(anonymous_2)
FNDA:0,(anonymous_3)
DA:1,1
DA:2,1
DA:6,0
DA:7,0
DA:8,0
DA:9,0
DA:10,0
DA:11,0
DA:12,0
DA:13,0
DA:14,0
DA:15,0
DA:16,0
DA:17,0
DA:18,0
DA:19,0
DA:20,0
DA:21,0
DA:25,0
DA:26,0
DA:27,0
DA:29,0
DA:34,0
DA:35,0
DA:36,0
DA:38,0
DA:43,1
LF:27
LH:3
BRF:0
BRH:0
end_of_record
TN:
SF:src\services\peopleService.js
FN:5,getAllPeoplesService
FN:28,getByIdPeopleService
FN:65,createPeopleService
FNF:3
FNH:3
FNDA:1,getAllPeoplesService
FNDA:1,getByIdPeopleService
FNDA:1,createPeopleService
DA:1,1
DA:2,1
DA:3,1
DA:6,1
DA:7,1
DA:8,0
DA:9,0
DA:18,1
DA:19,1
DA:29,1
DA:30,1
DA:33,0
DA:37,0
DA:38,0
DA:47,0
DA:55,1
DA:56,1
DA:66,1
DA:67,1
DA:68,1
DA:69,0
DA:77,1
DA:78,0
DA:86,1
DA:90,0
DA:98,1
DA:99,1
DA:108,1
LF:28
LH:19
BRDA:20,0,0,1
BRDA:20,0,1,1
BRDA:37,1,0,0
BRDA:37,1,1,0
BRDA:37,2,0,0
BRDA:37,2,1,0
BRDA:42,3,0,0
BRDA:42,3,1,0
BRDA:43,4,0,0
BRDA:43,4,1,0
BRDA:57,5,0,1
BRDA:57,5,1,1
BRDA:68,6,0,0
BRDA:68,6,1,1
BRDA:68,7,0,1
BRDA:68,7,1,1
BRDA:77,8,0,0
BRDA:77,8,1,1
BRDA:77,9,0,1
BRDA:77,9,1,1
BRDA:100,10,0,1
BRDA:100,10,1,1
BRF:22
BRH:12
end_of_record
