TN:
SF:src\controllers\peopleController.js
FN:4,(anonymous_0)
FN:11,(anonymous_1)
FN:14,(anonymous_2)
FN:17,(anonymous_3)
FNF:4
FNH:2
FNDA:2,(anonymous_0)
FNDA:3,(anonymous_1)
FNDA:0,(anonymous_2)
FNDA:0,(anonymous_3)
DA:1,1
DA:3,1
DA:5,2
DA:6,1
DA:8,1
DA:12,3
DA:15,0
DA:18,0
LF:8
LH:6
BRDA:5,0,0,1
BRDA:5,0,1,1
BRF:2
BRH:2
end_of_record
TN:
SF:src\database\config.js
FN:4,DB_CONNECT_DYNAMO_DB_CLIENT
FN:33,(anonymous_1)
FNF:2
FNH:1
FNDA:1,DB_CONNECT_DYNAMO_DB_CLIENT
FNDA:0,(anonymous_1)
DA:1,1
DA:2,1
DA:5,1
DA:6,1
DA:12,1
DA:16,1
DA:19,1
DA:29,1
DA:33,1
DA:34,0
DA:35,0
DA:38,1
DA:40,0
DA:44,1
LF:14
LH:11
BRDA:19,0,0,0
BRDA:19,0,1,1
BRF:2
BRH:1
end_of_record
TN:
SF:src\helpers\customErrorSwapi.js
FN:2,(anonymous_0)
FNF:1
FNH:0
FNDA:0,(anonymous_0)
DA:3,0
DA:5,0
DA:6,0
DA:9,0
DA:10,0
DA:11,0
DA:15,1
LF:7
LH:1
BRDA:2,0,0,0
BRDA:5,1,0,0
BRDA:5,1,1,0
BRF:3
BRH:0
end_of_record
TN:
SF:src\models\peopleModals.js
FN:13,(anonymous_0)
FN:32,(anonymous_1)
FN:44,(anonymous_2)
FN:58,(anonymous_3)
FN:89,(anonymous_4)
FN:155,(anonymous_5)
FNF:6
FNH:4
FNDA:1,(anonymous_0)
FNDA:1,(anonymous_1)
FNDA:1,(anonymous_2)
FNDA:1,(anonymous_3)
FNDA:0,(anonymous_4)
FNDA:0,(anonymous_5)
DA:7,1
DA:8,1
DA:9,1
DA:10,1
DA:14,1
DA:15,1
DA:16,1
DA:17,1
DA:18,1
DA:19,1
DA:20,1
DA:21,1
DA:22,1
DA:23,1
DA:24,1
DA:25,1
DA:26,1
DA:27,1
DA:28,1
DA:29,1
DA:33,1
DA:34,1
DA:38,1
DA:40,0
DA:45,1
DA:46,1
DA:52,1
DA:54,0
DA:59,1
DA:60,1
DA:61,1
DA:83,1
DA:85,0
DA:90,0
DA:91,0
DA:92,0
DA:93,0
DA:94,0
DA:149,0
DA:151,0
DA:156,0
DA:157,0
DA:163,0
DA:165,0
DA:170,1
LF:45
LH:31
BRDA:103,0,0,0
BRDA:103,0,1,0
BRDA:106,1,0,0
BRDA:106,1,1,0
BRDA:109,2,0,0
BRDA:109,2,1,0
BRDA:111,3,0,0
BRDA:111,3,1,0
BRDA:114,4,0,0
BRDA:114,4,1,0
BRDA:117,5,0,0
BRDA:117,5,1,0
BRDA:120,6,0,0
BRDA:120,6,1,0
BRDA:123,7,0,0
BRDA:123,7,1,0
BRDA:126,8,0,0
BRDA:126,8,1,0
BRDA:129,9,0,0
BRDA:129,9,1,0
BRDA:132,10,0,0
BRDA:132,10,1,0
BRDA:135,11,0,0
BRDA:135,11,1,0
BRDA:138,12,0,0
BRDA:138,12,1,0
BRDA:141,13,0,0
BRDA:141,13,1,0
BRDA:144,14,0,0
BRDA:144,14,1,0
BRF:30
BRH:0
end_of_record
TN:
SF:src\models\peopleSwapiModals.js
FN:5,(anonymous_0)
FN:23,(anonymous_1)
FN:26,(anonymous_2)
FN:32,(anonymous_3)
FNF:4
FNH:0
FNDA:0,(anonymous_0)
FNDA:0,(anonymous_1)
FNDA:0,(anonymous_2)
FNDA:0,(anonymous_3)
DA:1,1
DA:2,1
DA:6,0
DA:7,0
DA:8,0
DA:9,0
DA:10,0
DA:11,0
DA:12,0
DA:13,0
DA:14,0
DA:15,0
DA:16,0
DA:17,0
DA:18,0
DA:19,0
DA:20,0
DA:24,0
DA:25,0
DA:26,0
DA:28,0
DA:33,0
DA:34,0
DA:35,0
DA:37,0
DA:42,1
LF:26
LH:3
BRF:0
BRH:0
end_of_record
TN:
SF:src\services\peopleService.js
FN:5,getAllPeoplesService
FN:28,getByIdPeopleService
FN:65,createPeopleService
FN:108,updatePeopleService
FN:144,deletePeopleService
FNF:5
FNH:3
FNDA:1,getAllPeoplesService
FNDA:1,getByIdPeopleService
FNDA:3,createPeopleService
FNDA:0,updatePeopleService
FNDA:0,deletePeopleService
DA:1,1
DA:2,1
DA:3,1
DA:6,1
DA:7,1
DA:8,0
DA:9,0
DA:18,1
DA:19,1
DA:29,1
DA:30,1
DA:33,0
DA:37,0
DA:38,0
DA:47,0
DA:55,1
DA:56,1
DA:66,3
DA:67,3
DA:68,3
DA:69,1
DA:77,1
DA:78,0
DA:86,1
DA:90,0
DA:98,2
DA:99,2
DA:109,0
DA:110,0
DA:111,0
DA:115,0
DA:117,0
DA:118,0
DA:126,0
DA:134,0
DA:135,0
DA:145,0
DA:146,0
DA:150,0
DA:151,0
DA:158,0
DA:167,0
DA:168,0
DA:177,1
LF:44
LH:20
BRDA:20,0,0,1
BRDA:20,0,1,1
BRDA:37,1,0,0
BRDA:37,1,1,0
BRDA:37,2,0,0
BRDA:37,2,1,0
BRDA:42,3,0,0
BRDA:42,3,1,0
BRDA:43,4,0,0
BRDA:43,4,1,0
BRDA:57,5,0,1
BRDA:57,5,1,1
BRDA:68,6,0,1
BRDA:68,6,1,1
BRDA:68,7,0,3
BRDA:68,7,1,1
BRDA:77,8,0,0
BRDA:77,8,1,1
BRDA:77,9,0,1
BRDA:77,9,1,1
BRDA:100,10,0,2
BRDA:100,10,1,2
BRDA:117,11,0,0
BRDA:117,11,1,0
BRDA:119,12,0,0
BRDA:119,12,1,0
BRDA:122,13,0,0
BRDA:122,13,1,0
BRDA:127,14,0,0
BRDA:127,14,1,0
BRDA:136,15,0,0
BRDA:136,15,1,0
BRDA:150,16,0,0
BRDA:150,16,1,0
BRDA:152,17,0,0
BRDA:152,17,1,0
BRDA:159,18,0,0
BRDA:159,18,1,0
BRDA:169,19,0,0
BRDA:169,19,1,0
BRF:40
BRH:13
end_of_record
